{"/Users/taikifnit/fnit-community-server-platform/be_server_manager/src/server.ts": {"path":"/Users/taikifnit/fnit-community-server-platform/be_server_manager/src/server.ts","statementMap":{"0":{"start":{"line":1,"column":0},"end":{"line":1,"column":30}},"1":{"start":{"line":2,"column":0},"end":{"line":2,"column":37}},"2":{"start":{"line":3,"column":0},"end":{"line":3,"column":51}},"3":{"start":{"line":4,"column":0},"end":{"line":4,"column":61}},"4":{"start":{"line":6,"column":12},"end":{"line":6,"column":21}},"5":{"start":{"line":8,"column":0},"end":{"line":10,"column":4}},"6":{"start":{"line":12,"column":0},"end":{"line":12,"column":47}},"7":{"start":{"line":14,"column":0},"end":{"line":14,"column":81}},"8":{"start":{"line":15,"column":0},"end":{"line":15,"column":79}},"9":{"start":{"line":17,"column":0},"end":{"line":17,"column":19}}},"fnMap":{},"branchMap":{},"s":{"0":1,"1":1,"2":1,"3":1,"4":1,"5":1,"6":1,"7":1,"8":1,"9":1},"f":{},"b":{}}
,"/Users/taikifnit/fnit-community-server-platform/be_server_manager/src/controllers/entrance.ts": {"path":"/Users/taikifnit/fnit-community-server-platform/be_server_manager/src/controllers/entrance.ts","statementMap":{"0":{"start":{"line":3,"column":0},"end":{"line":3,"column":58}},"1":{"start":{"line":5,"column":52},"end":{"line":5,"column":74}},"2":{"start":{"line":7,"column":13},"end":{"line":10,"column":2}},"3":{"start":{"line":7,"column":86},"end":{"line":10,"column":2}},"4":{"start":{"line":8,"column":17},"end":{"line":8,"column":55}},"5":{"start":{"line":9,"column":4},"end":{"line":9,"column":36}},"6":{"start":{"line":12,"column":13},"end":{"line":19,"column":2}},"7":{"start":{"line":12,"column":85},"end":{"line":19,"column":2}},"8":{"start":{"line":13,"column":17},"end":{"line":13,"column":55}},"9":{"start":{"line":14,"column":15},"end":{"line":14,"column":51}},"10":{"start":{"line":18,"column":4},"end":{"line":18,"column":36}}},"fnMap":{"0":{"name":"(anonymous_8)","decl":{"start":{"line":7,"column":39},"end":{"line":7,"column":46}},"loc":{"start":{"line":7,"column":86},"end":{"line":10,"column":2}}},"1":{"name":"(anonymous_9)","decl":{"start":{"line":7,"column":86},"end":{"line":7,"column":null}},"loc":{"start":{"line":7,"column":86},"end":{"line":10,"column":1}}},"2":{"name":"(anonymous_10)","decl":{"start":{"line":12,"column":38},"end":{"line":12,"column":45}},"loc":{"start":{"line":12,"column":85},"end":{"line":19,"column":2}}},"3":{"name":"(anonymous_11)","decl":{"start":{"line":12,"column":85},"end":{"line":12,"column":null}},"loc":{"start":{"line":12,"column":85},"end":{"line":19,"column":1}}}},"branchMap":{},"s":{"0":1,"1":1,"2":1,"3":0,"4":0,"5":0,"6":1,"7":0,"8":0,"9":0,"10":0},"f":{"0":0,"1":0,"2":0,"3":0},"b":{}}
,"/Users/taikifnit/fnit-community-server-platform/be_server_manager/src/controllers/log.ts": {"path":"/Users/taikifnit/fnit-community-server-platform/be_server_manager/src/controllers/log.ts","statementMap":{"0":{"start":{"line":3,"column":13},"end":{"line":11,"column":2}},"1":{"start":{"line":3,"column":70},"end":{"line":11,"column":2}},"2":{"start":{"line":4,"column":17},"end":{"line":4,"column":36}},"3":{"start":{"line":6,"column":4},"end":{"line":8,"column":null}},"4":{"start":{"line":7,"column":8},"end":{"line":7,"column":26}},"5":{"start":{"line":10,"column":4},"end":{"line":10,"column":36}}},"fnMap":{"0":{"name":"(anonymous_7)","decl":{"start":{"line":3,"column":23},"end":{"line":3,"column":30}},"loc":{"start":{"line":3,"column":70},"end":{"line":11,"column":2}}},"1":{"name":"(anonymous_8)","decl":{"start":{"line":3,"column":70},"end":{"line":3,"column":null}},"loc":{"start":{"line":3,"column":70},"end":{"line":11,"column":1}}}},"branchMap":{"0":{"loc":{"start":{"line":6,"column":4},"end":{"line":8,"column":null}},"type":"if","locations":[{"start":{"line":6,"column":4},"end":{"line":8,"column":null}},{"start":{"line":6,"column":4},"end":{"line":8,"column":null}}]}},"s":{"0":1,"1":1,"2":1,"3":1,"4":0,"5":1},"f":{"0":1,"1":1},"b":{"0":[0,1]}}
,"/Users/taikifnit/fnit-community-server-platform/be_server_manager/src/database/EntranceOperatorMapper.ts": {"path":"/Users/taikifnit/fnit-community-server-platform/be_server_manager/src/database/EntranceOperatorMapper.ts","statementMap":{"0":{"start":{"line":2,"column":0},"end":{"line":2,"column":60}},"1":{"start":{"line":7,"column":20},"end":{"line":7,"column":85}},"2":{"start":{"line":9,"column":8},"end":{"line":19,"column":null}},"3":{"start":{"line":10,"column":25},"end":{"line":10,"column":35}},"4":{"start":{"line":11,"column":37},"end":{"line":16,"column":14}},"5":{"start":{"line":18,"column":12},"end":{"line":18,"column":27}},"6":{"start":{"line":21,"column":8},"end":{"line":21,"column":null}},"7":{"start":{"line":25,"column":33},"end":{"line":30,"column":10}},"8":{"start":{"line":32,"column":8},"end":{"line":32,"column":81}},"9":{"start":{"line":34,"column":8},"end":{"line":34,"column":23}},"10":{"start":{"line":38,"column":25},"end":{"line":38,"column":68}},"11":{"start":{"line":39,"column":25},"end":{"line":39,"column":77}},"12":{"start":{"line":41,"column":8},"end":{"line":41,"column":31}},"13":{"start":{"line":5,"column":0},"end":{"line":5,"column":21}}},"fnMap":{"0":{"name":"(anonymous_8)","decl":{"start":{"line":6,"column":10},"end":{"line":6,"column":26}},"loc":{"start":{"line":6,"column":39},"end":{"line":22,"column":null}}},"1":{"name":"(anonymous_10)","decl":{"start":{"line":24,"column":10},"end":{"line":24,"column":32}},"loc":{"start":{"line":24,"column":73},"end":{"line":35,"column":null}}},"2":{"name":"(anonymous_12)","decl":{"start":{"line":37,"column":10},"end":{"line":37,"column":30}},"loc":{"start":{"line":37,"column":45},"end":{"line":42,"column":null}}}},"branchMap":{"0":{"loc":{"start":{"line":9,"column":8},"end":{"line":19,"column":null}},"type":"if","locations":[{"start":{"line":9,"column":8},"end":{"line":19,"column":null}},{"start":{"line":9,"column":8},"end":{"line":19,"column":null}}]}},"s":{"0":1,"1":1,"2":1,"3":1,"4":1,"5":1,"6":0,"7":0,"8":0,"9":0,"10":0,"11":0,"12":0,"13":1},"f":{"0":1,"1":0,"2":0},"b":{"0":[1,0]}}
,"/Users/taikifnit/fnit-community-server-platform/be_server_manager/src/database/FnitCommunityDatabase.ts": {"path":"/Users/taikifnit/fnit-community-server-platform/be_server_manager/src/database/FnitCommunityDatabase.ts","statementMap":{"0":{"start":{"line":1,"column":0},"end":{"line":1,"column":43}},"1":{"start":{"line":2,"column":0},"end":{"line":2,"column":67}},"2":{"start":{"line":4,"column":15},"end":{"line":15,"column":2}},"3":{"start":{"line":17,"column":0},"end":{"line":19,"column":3}},"4":{"start":{"line":21,"column":11},"end":{"line":21,"column":31}},"5":{"start":{"line":23,"column":0},"end":{"line":23,"column":18}}},"fnMap":{},"branchMap":{},"s":{"0":3,"1":3,"2":3,"3":3,"4":3,"5":3},"f":{},"b":{}}
,"/Users/taikifnit/fnit-community-server-platform/be_server_manager/src/database/ServerOperatorMapper.ts": {"path":"/Users/taikifnit/fnit-community-server-platform/be_server_manager/src/database/ServerOperatorMapper.ts","statementMap":{"0":{"start":{"line":2,"column":0},"end":{"line":2,"column":60}},"1":{"start":{"line":7,"column":23},"end":{"line":7,"column":76}},"2":{"start":{"line":9,"column":20},"end":{"line":9,"column":38}},"3":{"start":{"line":10,"column":8},"end":{"line":16,"column":null}},"4":{"start":{"line":11,"column":27},"end":{"line":11,"column":37}},"5":{"start":{"line":13,"column":12},"end":{"line":15,"column":null}},"6":{"start":{"line":14,"column":16},"end":{"line":14,"column":30}},"7":{"start":{"line":18,"column":8},"end":{"line":18,"column":42}},"8":{"start":{"line":22,"column":8},"end":{"line":22,"column":53}},"9":{"start":{"line":5,"column":0},"end":{"line":5,"column":21}}},"fnMap":{"0":{"name":"(anonymous_8)","decl":{"start":{"line":6,"column":10},"end":{"line":6,"column":23}},"loc":{"start":{"line":6,"column":36},"end":{"line":19,"column":null}}},"1":{"name":"(anonymous_10)","decl":{"start":{"line":21,"column":12},"end":{"line":21,"column":20}},"loc":{"start":{"line":21,"column":32},"end":{"line":23,"column":5}}}},"branchMap":{"0":{"loc":{"start":{"line":10,"column":8},"end":{"line":16,"column":null}},"type":"if","locations":[{"start":{"line":10,"column":8},"end":{"line":16,"column":null}},{"start":{"line":10,"column":8},"end":{"line":16,"column":null}}]},"1":{"loc":{"start":{"line":13,"column":12},"end":{"line":15,"column":null}},"type":"if","locations":[{"start":{"line":13,"column":12},"end":{"line":15,"column":null}},{"start":{"line":13,"column":12},"end":{"line":15,"column":null}}]}},"s":{"0":2,"1":3,"2":3,"3":3,"4":3,"5":3,"6":3,"7":0,"8":3,"9":2},"f":{"0":3,"1":3},"b":{"0":[3,0],"1":[3,0]}}
,"/Users/taikifnit/fnit-community-server-platform/be_server_manager/src/domain/EntranceOperator.ts": {"path":"/Users/taikifnit/fnit-community-server-platform/be_server_manager/src/domain/EntranceOperator.ts","statementMap":{"0":{"start":{"line":9,"column":8},"end":{"line":9,"column":63}},"1":{"start":{"line":13,"column":8},"end":{"line":13,"column":21}},"2":{"start":{"line":17,"column":47},"end":{"line":19,"column":10}},"3":{"start":{"line":18,"column":12},"end":{"line":18,"column":24}},"4":{"start":{"line":21,"column":8},"end":{"line":23,"column":null}},"5":{"start":{"line":22,"column":12},"end":{"line":22,"column":54}},"6":{"start":{"line":25,"column":31},"end":{"line":25,"column":71}},"7":{"start":{"line":26,"column":43},"end":{"line":26,"column":124}},"8":{"start":{"line":28,"column":8},"end":{"line":28,"column":40}},"9":{"start":{"line":32,"column":31},"end":{"line":32,"column":77}},"10":{"start":{"line":33,"column":39},"end":{"line":33,"column":102}},"11":{"start":{"line":35,"column":8},"end":{"line":37,"column":null}},"12":{"start":{"line":36,"column":12},"end":{"line":36,"column":26}},"13":{"start":{"line":39,"column":8},"end":{"line":39,"column":58}},"14":{"start":{"line":43,"column":23},"end":{"line":43,"column":58}},"15":{"start":{"line":44,"column":8},"end":{"line":44,"column":40}},"16":{"start":{"line":48,"column":8},"end":{"line":48,"column":59}},"17":{"start":{"line":52,"column":0},"end":{"line":52,"column":32}}},"fnMap":{"0":{"name":"(anonymous_7)","decl":{"start":{"line":8,"column":4},"end":{"line":8,"column":16}},"loc":{"start":{"line":8,"column":64},"end":{"line":10,"column":5}}},"1":{"name":"(anonymous_8)","decl":{"start":{"line":12,"column":10},"end":{"line":12,"column":33}},"loc":{"start":{"line":12,"column":52},"end":{"line":14,"column":null}}},"2":{"name":"(anonymous_10)","decl":{"start":{"line":16,"column":10},"end":{"line":16,"column":32}},"loc":{"start":{"line":16,"column":63},"end":{"line":29,"column":null}}},"3":{"name":"(anonymous_12)","decl":{"start":{"line":17,"column":117},"end":{"line":17,"column":120}},"loc":{"start":{"line":17,"column":122},"end":{"line":19,"column":9}}},"4":{"name":"(anonymous_13)","decl":{"start":{"line":31,"column":18},"end":{"line":31,"column":45}},"loc":{"start":{"line":31,"column":45},"end":{"line":40,"column":null}}},"5":{"name":"(anonymous_15)","decl":{"start":{"line":42,"column":12},"end":{"line":42,"column":18}},"loc":{"start":{"line":42,"column":46},"end":{"line":45,"column":5}}},"6":{"name":"(anonymous_16)","decl":{"start":{"line":47,"column":12},"end":{"line":47,"column":18}},"loc":{"start":{"line":47,"column":43},"end":{"line":49,"column":5}}}},"branchMap":{"0":{"loc":{"start":{"line":21,"column":8},"end":{"line":23,"column":null}},"type":"if","locations":[{"start":{"line":21,"column":8},"end":{"line":23,"column":null}},{"start":{"line":21,"column":8},"end":{"line":23,"column":null}}]},"1":{"loc":{"start":{"line":35,"column":8},"end":{"line":37,"column":null}},"type":"if","locations":[{"start":{"line":35,"column":8},"end":{"line":37,"column":null}},{"start":{"line":35,"column":8},"end":{"line":37,"column":null}}]}},"s":{"0":2,"1":1,"2":1,"3":0,"4":1,"5":1,"6":0,"7":0,"8":0,"9":0,"10":0,"11":0,"12":0,"13":0,"14":0,"15":0,"16":0,"17":2},"f":{"0":2,"1":1,"2":1,"3":0,"4":0,"5":0,"6":0},"b":{"0":[1,0],"1":[0,0]}}
,"/Users/taikifnit/fnit-community-server-platform/be_server_manager/src/domain/ServerOperator.ts": {"path":"/Users/taikifnit/fnit-community-server-platform/be_server_manager/src/domain/ServerOperator.ts","statementMap":{"0":{"start":{"line":8,"column":8},"end":{"line":8,"column":59}},"1":{"start":{"line":12,"column":24},"end":{"line":12,"column":82}},"2":{"start":{"line":13,"column":8},"end":{"line":13,"column":66}},"3":{"start":{"line":14,"column":8},"end":{"line":14,"column":20}},"4":{"start":{"line":18,"column":23},"end":{"line":18,"column":81}},"5":{"start":{"line":20,"column":8},"end":{"line":20,"column":20}},"6":{"start":{"line":4,"column":0},"end":{"line":4,"column":21}}},"fnMap":{"0":{"name":"(anonymous_7)","decl":{"start":{"line":7,"column":4},"end":{"line":7,"column":16}},"loc":{"start":{"line":7,"column":60},"end":{"line":9,"column":5}}},"1":{"name":"(anonymous_8)","decl":{"start":{"line":11,"column":10},"end":{"line":11,"column":22}},"loc":{"start":{"line":11,"column":41},"end":{"line":15,"column":null}}},"2":{"name":"(anonymous_10)","decl":{"start":{"line":17,"column":10},"end":{"line":17,"column":25}},"loc":{"start":{"line":17,"column":44},"end":{"line":21,"column":null}}}},"branchMap":{},"s":{"0":1,"1":1,"2":1,"3":1,"4":1,"5":1,"6":1},"f":{"0":1,"1":1,"2":1},"b":{}}
}
