TN:
SF:/Users/taikifnit/fnit-community-server-platform/be_server_manager/src/server.ts
FNF:0
FNH:0
DA:1,1
DA:2,1
DA:3,1
DA:4,1
DA:6,1
DA:8,1
DA:12,1
DA:14,1
DA:15,1
DA:17,1
LF:10
LH:10
BRF:0
BRH:0
end_of_record
TN:
SF:/Users/taikifnit/fnit-community-server-platform/be_server_manager/src/controllers/entrance.ts
FN:7,(anonymous_8)
FN:7,(anonymous_9)
FN:12,(anonymous_10)
FN:12,(anonymous_11)
FNF:4
FNH:0
FNDA:0,(anonymous_8)
FNDA:0,(anonymous_9)
FNDA:0,(anonymous_10)
FNDA:0,(anonymous_11)
DA:3,1
DA:5,1
DA:7,1
DA:8,0
DA:9,0
DA:12,1
DA:13,0
DA:14,0
DA:18,0
LF:9
LH:4
BRF:0
BRH:0
end_of_record
TN:
SF:/Users/taikifnit/fnit-community-server-platform/be_server_manager/src/controllers/log.ts
FN:3,(anonymous_7)
FN:3,(anonymous_8)
FNF:2
FNH:2
FNDA:1,(anonymous_7)
FNDA:1,(anonymous_8)
DA:3,1
DA:4,1
DA:6,1
DA:7,0
DA:10,1
LF:5
LH:4
BRDA:6,0,0,0
BRDA:6,0,1,1
BRF:2
BRH:1
end_of_record
TN:
SF:/Users/taikifnit/fnit-community-server-platform/be_server_manager/src/database/EntranceOperatorMapper.ts
FN:6,(anonymous_8)
FN:24,(anonymous_10)
FN:37,(anonymous_12)
FNF:3
FNH:1
FNDA:1,(anonymous_8)
FNDA:0,(anonymous_10)
FNDA:0,(anonymous_12)
DA:2,1
DA:5,1
DA:7,1
DA:9,1
DA:10,1
DA:11,1
DA:18,1
DA:21,0
DA:25,0
DA:32,0
DA:34,0
DA:38,0
DA:39,0
DA:41,0
LF:14
LH:7
BRDA:9,0,0,1
BRDA:9,0,1,0
BRF:2
BRH:1
end_of_record
TN:
SF:/Users/taikifnit/fnit-community-server-platform/be_server_manager/src/database/FnitCommunityDatabase.ts
FNF:0
FNH:0
DA:1,3
DA:2,3
DA:4,3
DA:17,3
DA:21,3
DA:23,3
LF:6
LH:6
BRF:0
BRH:0
end_of_record
TN:
SF:/Users/taikifnit/fnit-community-server-platform/be_server_manager/src/database/ServerOperatorMapper.ts
FN:6,(anonymous_8)
FN:21,(anonymous_10)
FNF:2
FNH:2
FNDA:3,(anonymous_8)
FNDA:3,(anonymous_10)
DA:2,2
DA:5,2
DA:7,3
DA:9,3
DA:10,3
DA:11,3
DA:13,3
DA:14,3
DA:18,0
DA:22,3
LF:10
LH:9
BRDA:10,0,0,3
BRDA:10,0,1,0
BRDA:13,1,0,3
BRDA:13,1,1,0
BRF:4
BRH:2
end_of_record
TN:
SF:/Users/taikifnit/fnit-community-server-platform/be_server_manager/src/domain/EntranceOperator.ts
FN:8,(anonymous_7)
FN:12,(anonymous_8)
FN:16,(anonymous_10)
FN:17,(anonymous_12)
FN:31,(anonymous_13)
FN:42,(anonymous_15)
FN:47,(anonymous_16)
FNF:7
FNH:3
FNDA:2,(anonymous_7)
FNDA:1,(anonymous_8)
FNDA:1,(anonymous_10)
FNDA:0,(anonymous_12)
FNDA:0,(anonymous_13)
FNDA:0,(anonymous_15)
FNDA:0,(anonymous_16)
DA:9,2
DA:13,1
DA:17,1
DA:18,0
DA:21,1
DA:22,1
DA:25,0
DA:26,0
DA:28,0
DA:32,0
DA:33,0
DA:35,0
DA:36,0
DA:39,0
DA:43,0
DA:44,0
DA:48,0
DA:52,2
LF:18
LH:6
BRDA:21,0,0,1
BRDA:21,0,1,0
BRDA:35,1,0,0
BRDA:35,1,1,0
BRF:4
BRH:1
end_of_record
TN:
SF:/Users/taikifnit/fnit-community-server-platform/be_server_manager/src/domain/ServerOperator.ts
FN:7,(anonymous_7)
FN:11,(anonymous_8)
FN:17,(anonymous_10)
FNF:3
FNH:3
FNDA:1,(anonymous_7)
FNDA:1,(anonymous_8)
FNDA:1,(anonymous_10)
DA:4,1
DA:8,1
DA:12,1
DA:13,1
DA:14,1
DA:18,1
DA:20,1
LF:7
LH:7
BRF:0
BRH:0
end_of_record
