TN:
SF:/Users/taikifnit/fnit-community-server-platform/be_server_manager/src/server.ts
FNF:0
FNH:0
DA:1,1
DA:2,1
DA:3,1
DA:4,1
DA:6,1
DA:8,1
DA:9,1
DA:13,1
DA:14,1
DA:16,1
LF:10
LH:10
BRF:0
BRH:0
end_of_record
TN:
SF:/Users/taikifnit/fnit-community-server-platform/be_server_manager/src/controllers/command.ts
FN:7,(anonymous_8)
FN:7,(anonymous_9)
FN:48,isAuthor
FNF:3
FNH:0
FNDA:0,(anonymous_8)
FNDA:0,(anonymous_9)
FNDA:0,isAuthor
DA:3,1
DA:4,1
DA:7,1
DA:8,0
DA:9,0
DA:11,0
DA:12,0
DA:14,0
DA:15,0
DA:18,0
DA:19,0
DA:21,0
DA:23,0
DA:25,0
DA:27,0
DA:30,0
DA:32,0
DA:34,0
DA:36,0
DA:45,0
DA:49,0
LF:21
LH:3
BRDA:14,0,0,0
BRDA:14,0,1,0
BRDA:22,1,0,0
BRDA:22,1,1,0
BRDA:22,1,2,0
BRDA:22,1,3,0
BRDA:22,1,4,0
BRDA:27,2,0,0
BRDA:27,2,1,0
BRDA:50,3,0,0
BRDA:50,3,1,0
BRDA:50,3,2,0
BRDA:50,3,3,0
BRF:13
BRH:0
end_of_record
TN:
SF:/Users/taikifnit/fnit-community-server-platform/be_server_manager/src/controllers/log.ts
FN:3,(anonymous_7)
FN:3,(anonymous_8)
FNF:2
FNH:2
FNDA:1,(anonymous_7)
FNDA:1,(anonymous_8)
DA:3,1
DA:4,1
DA:6,1
DA:7,0
DA:10,1
LF:5
LH:4
BRDA:6,0,0,0
BRDA:6,0,1,1
BRF:2
BRH:1
end_of_record
TN:
SF:/Users/taikifnit/fnit-community-server-platform/be_server_manager/src/database/FnitCommunityDatabase.ts
FNF:0
FNH:0
DA:1,2
DA:2,2
DA:4,2
DA:17,2
DA:21,2
DA:23,2
LF:6
LH:6
BRF:0
BRH:0
end_of_record
TN:
SF:/Users/taikifnit/fnit-community-server-platform/be_server_manager/src/database/ReceiptModelMapper.ts
FN:7,(anonymous_8)
FN:21,(anonymous_10)
FNF:2
FNH:0
FNDA:0,(anonymous_8)
FNDA:0,(anonymous_10)
DA:2,2
DA:4,2
DA:8,0
DA:9,0
DA:11,0
DA:12,0
DA:14,0
DA:15,0
DA:18,0
DA:22,0
DA:28,2
LF:11
LH:3
BRDA:14,0,0,0
BRDA:14,0,1,0
BRF:2
BRH:0
end_of_record
TN:
SF:/Users/taikifnit/fnit-community-server-platform/be_server_manager/src/database/ServerOperatorMapper.ts
FN:9,(anonymous_8)
FN:21,(anonymous_10)
FN:25,(anonymous_12)
FN:37,(anonymous_13)
FN:41,(anonymous_15)
FN:48,(anonymous_16)
FN:52,(anonymous_17)
FNF:7
FNH:1
FNDA:1,(anonymous_8)
FNDA:0,(anonymous_10)
FNDA:0,(anonymous_12)
FNDA:0,(anonymous_13)
FNDA:0,(anonymous_15)
FNDA:0,(anonymous_16)
FNDA:0,(anonymous_17)
DA:2,2
DA:5,2
DA:6,2
DA:8,2
DA:10,1
DA:12,1
DA:13,1
DA:14,1
DA:15,1
DA:18,0
DA:22,0
DA:24,0
DA:25,0
DA:26,0
DA:28,0
DA:29,0
DA:34,0
DA:38,0
DA:40,0
DA:41,0
DA:45,0
DA:49,0
DA:53,0
LF:23
LH:9
BRDA:12,0,0,1
BRDA:12,0,1,0
BRDA:24,1,0,0
BRDA:24,1,1,0
BRDA:28,2,0,0
BRDA:28,2,1,0
BRDA:40,3,0,0
BRDA:40,3,1,0
BRF:8
BRH:1
end_of_record
TN:
SF:/Users/taikifnit/fnit-community-server-platform/be_server_manager/src/domain/ServerOperator.ts
FN:11,(anonymous_8)
FN:15,(anonymous_9)
FN:19,(anonymous_10)
FN:36,(anonymous_12)
FNF:4
FNH:0
FNDA:0,(anonymous_8)
FNDA:0,(anonymous_9)
FNDA:0,(anonymous_10)
FNDA:0,(anonymous_12)
DA:3,1
DA:8,1
DA:12,0
DA:16,0
DA:21,0
DA:22,0
DA:25,0
DA:26,0
DA:29,0
DA:33,0
DA:39,0
LF:11
LH:2
BRDA:29,0,0,0
BRDA:29,0,1,0
BRF:2
BRH:0
end_of_record
TN:
SF:/Users/taikifnit/fnit-community-server-platform/be_server_manager/src/model/ReceiptModel.ts
FN:12,(anonymous_7)
FN:25,(anonymous_8)
FN:34,(anonymous_9)
FN:40,(anonymous_11)
FNF:4
FNH:2
FNDA:1,(anonymous_7)
FNDA:0,(anonymous_8)
FNDA:0,(anonymous_9)
FNDA:1,(anonymous_11)
DA:13,1
DA:14,1
DA:15,1
DA:16,1
DA:17,1
DA:19,0
DA:22,1
DA:26,0
DA:35,0
DA:37,0
DA:41,1
DA:49,2
LF:12
LH:8
BRDA:13,0,0,1
BRDA:13,0,1,0
BRDA:42,1,0,1
BRDA:42,1,1,1
BRDA:42,1,2,1
BRF:5
BRH:4
end_of_record
